mode: set
github.com/fall-out-bug/sdp/src/sdp/graph/dependency.go:32.44,37.2 1 0
github.com/fall-out-bug/sdp/src/sdp/graph/dependency.go:40.72,42.38 1 0
github.com/fall-out-bug/sdp/src/sdp/graph/dependency.go:42.38,44.3 1 0
github.com/fall-out-bug/sdp/src/sdp/graph/dependency.go:47.2,47.32 1 0
github.com/fall-out-bug/sdp/src/sdp/graph/dependency.go:47.32,48.41 1 0
github.com/fall-out-bug/sdp/src/sdp/graph/dependency.go:48.41,50.4 1 0
github.com/fall-out-bug/sdp/src/sdp/graph/dependency.go:54.2,66.32 4 0
github.com/fall-out-bug/sdp/src/sdp/graph/dependency.go:66.32,68.3 1 0
github.com/fall-out-bug/sdp/src/sdp/graph/dependency.go:70.2,70.12 1 0
github.com/fall-out-bug/sdp/src/sdp/graph/dependency.go:75.58,77.34 1 0
github.com/fall-out-bug/sdp/src/sdp/graph/dependency.go:77.34,79.3 1 0
github.com/fall-out-bug/sdp/src/sdp/graph/dependency.go:82.2,85.12 3 0
github.com/fall-out-bug/sdp/src/sdp/graph/dependency.go:89.66,92.2 2 0
github.com/fall-out-bug/sdp/src/sdp/graph/dependency.go:95.93,96.23 1 0
github.com/fall-out-bug/sdp/src/sdp/graph/dependency.go:96.23,98.3 1 0
github.com/fall-out-bug/sdp/src/sdp/graph/dependency.go:100.2,100.22 1 0
github.com/fall-out-bug/sdp/src/sdp/graph/dependency.go:100.22,102.3 1 0
github.com/fall-out-bug/sdp/src/sdp/graph/dependency.go:104.2,107.44 2 0
github.com/fall-out-bug/sdp/src/sdp/graph/dependency.go:107.44,108.47 1 0
github.com/fall-out-bug/sdp/src/sdp/graph/dependency.go:108.47,110.4 1 0
github.com/fall-out-bug/sdp/src/sdp/graph/dependency.go:113.2,113.14 1 0
github.com/fall-out-bug/sdp/src/sdp/graph/dependency.go:117.63,118.23 1 0
github.com/fall-out-bug/sdp/src/sdp/graph/dependency.go:118.23,120.3 1 0
github.com/fall-out-bug/sdp/src/sdp/graph/dependency.go:123.2,124.32 2 0
github.com/fall-out-bug/sdp/src/sdp/graph/dependency.go:124.32,126.3 1 0
github.com/fall-out-bug/sdp/src/sdp/graph/dependency.go:129.2,130.38 2 0
github.com/fall-out-bug/sdp/src/sdp/graph/dependency.go:130.38,131.20 1 0
github.com/fall-out-bug/sdp/src/sdp/graph/dependency.go:131.20,133.4 1 0
github.com/fall-out-bug/sdp/src/sdp/graph/dependency.go:136.2,139.21 2 0
github.com/fall-out-bug/sdp/src/sdp/graph/dependency.go:139.21,146.45 4 0
github.com/fall-out-bug/sdp/src/sdp/graph/dependency.go:146.45,148.32 2 0
github.com/fall-out-bug/sdp/src/sdp/graph/dependency.go:148.32,150.5 1 0
github.com/fall-out-bug/sdp/src/sdp/graph/dependency.go:155.2,155.33 1 0
github.com/fall-out-bug/sdp/src/sdp/graph/dependency.go:155.33,157.3 1 0
github.com/fall-out-bug/sdp/src/sdp/graph/dependency.go:159.2,159.20 1 0
github.com/fall-out-bug/sdp/src/sdp/graph/dependency.go:163.47,166.32 2 0
github.com/fall-out-bug/sdp/src/sdp/graph/dependency.go:166.32,168.44 1 0
github.com/fall-out-bug/sdp/src/sdp/graph/dependency.go:168.44,170.4 1 0
github.com/fall-out-bug/sdp/src/sdp/graph/dependency.go:173.2,173.14 1 0
github.com/fall-out-bug/sdp/src/sdp/graph/dependency.go:177.51,179.13 2 0
github.com/fall-out-bug/sdp/src/sdp/graph/dependency.go:179.13,181.3 1 0
github.com/fall-out-bug/sdp/src/sdp/graph/dependency.go:183.2,186.40 2 0
github.com/fall-out-bug/sdp/src/sdp/graph/dependency.go:186.40,187.52 1 0
github.com/fall-out-bug/sdp/src/sdp/graph/dependency.go:187.52,189.4 1 0
github.com/fall-out-bug/sdp/src/sdp/graph/dispatcher.go:18.69,19.21 1 0
github.com/fall-out-bug/sdp/src/sdp/graph/dispatcher.go:19.21,21.3 1 0
github.com/fall-out-bug/sdp/src/sdp/graph/dispatcher.go:22.2,22.21 1 0
github.com/fall-out-bug/sdp/src/sdp/graph/dispatcher.go:22.21,24.3 1 0
github.com/fall-out-bug/sdp/src/sdp/graph/dispatcher.go:26.2,31.3 1 0
github.com/fall-out-bug/sdp/src/sdp/graph/dispatcher.go:46.69,51.50 3 0
github.com/fall-out-bug/sdp/src/sdp/graph/dispatcher.go:51.50,57.28 3 0
github.com/fall-out-bug/sdp/src/sdp/graph/dispatcher.go:57.28,58.26 1 0
github.com/fall-out-bug/sdp/src/sdp/graph/dispatcher.go:58.26,60.5 1 0
github.com/fall-out-bug/sdp/src/sdp/graph/dispatcher.go:64.3,64.74 1 0
github.com/fall-out-bug/sdp/src/sdp/graph/dispatcher.go:64.74,67.12 1 0
github.com/fall-out-bug/sdp/src/sdp/graph/dispatcher.go:71.3,72.32 2 0
github.com/fall-out-bug/sdp/src/sdp/graph/dispatcher.go:72.32,74.4 1 0
github.com/fall-out-bug/sdp/src/sdp/graph/dispatcher.go:77.3,80.57 3 0
github.com/fall-out-bug/sdp/src/sdp/graph/dispatcher.go:80.57,82.25 2 0
github.com/fall-out-bug/sdp/src/sdp/graph/dispatcher.go:82.25,97.19 6 0
github.com/fall-out-bug/sdp/src/sdp/graph/dispatcher.go:97.19,102.6 2 0
github.com/fall-out-bug/sdp/src/sdp/graph/dispatcher.go:102.11,105.6 2 0
github.com/fall-out-bug/sdp/src/sdp/graph/dispatcher.go:106.5,106.18 1 0
github.com/fall-out-bug/sdp/src/sdp/graph/dispatcher.go:111.3,115.35 3 0
github.com/fall-out-bug/sdp/src/sdp/graph/dispatcher.go:115.35,117.4 1 0
github.com/fall-out-bug/sdp/src/sdp/graph/dispatcher.go:120.2,120.16 1 0
github.com/fall-out-bug/sdp/src/sdp/graph/dispatcher.go:124.46,129.30 4 0
github.com/fall-out-bug/sdp/src/sdp/graph/dispatcher.go:129.30,131.3 1 0
github.com/fall-out-bug/sdp/src/sdp/graph/dispatcher.go:132.2,132.18 1 0
github.com/fall-out-bug/sdp/src/sdp/graph/dispatcher.go:136.51,141.32 4 0
github.com/fall-out-bug/sdp/src/sdp/graph/dispatcher.go:141.32,143.3 1 0
github.com/fall-out-bug/sdp/src/sdp/graph/dispatcher.go:144.2,144.15 1 0
github.com/fall-out-bug/sdp/src/sdp/graph/dispatcher.go:148.50,152.2 3 0
github.com/fall-out-bug/sdp/src/sdp/graph/dispatcher.go:156.84,160.33 2 0
github.com/fall-out-bug/sdp/src/sdp/graph/dispatcher.go:160.33,162.17 2 0
github.com/fall-out-bug/sdp/src/sdp/graph/dispatcher.go:162.17,164.4 1 0
github.com/fall-out-bug/sdp/src/sdp/graph/dispatcher.go:167.2,167.19 1 0
